build/app/outputs/mapping/release/usage.txt
com.example.sort.R$string
com.example.sort.R$layout
com.example.sort.R$dimen
com.example.sort.R$color
com.example.sort.R$drawable
com.example.sort.R
com.example.sort.BuildConfig
com.example.sort.R$attr
com.example.sort.R$id
com.example.sort.R$mipmap
com.example.sort.R$integer
com.example.sort.R$styleable
com.example.sort.R$style
...
androidx.lifecycle.GenericLifecycleObserver
kotlin.text.MatchGroup
kotlin.sequences.SequencesKt__SequencesKt$flatten$3
androidx.annotation.LayoutRes
kotlin.text.Regex$Serialized
android.support.v4.app.INotificationSideChannel
androidx.core.graphics.PathParser$ExtractFloatResult
kotlin.reflect.KCallable
kotlin.KotlinVersion$Companion
io.flutter.plugin.editing.FlutterTextUtils:
    public static final int LINE_FEED
    public static final int CARRIAGE_RETURN
    public static final int COMBINING_ENCLOSING_KEYCAP
    public static final int CANCEL_TAG
    public static final int ZERO_WIDTH_JOINER
androidx.core.provider.FontsContractCompat$4$3
kotlin.StandardKt__SynchronizedKt
androidx.core.app.RemoteActionCompat:
    public void <init>(androidx.core.graphics.drawable.IconCompat,java.lang.CharSequence,java.lang.CharSequence,android.app.PendingIntent)
    public void <init>(androidx.core.app.RemoteActionCompat)
    public static androidx.core.app.RemoteActionCompat createFromRemoteAction(android.app.RemoteAction)
    public void setEnabled(boolean)
    public boolean isEnabled()
    public void setShouldShowIcon(boolean)
    public boolean shouldShowIcon()
    public androidx.core.graphics.drawable.IconCompat getIcon()
    public java.lang.CharSequence getTitle()
    public java.lang.CharSequence getContentDescription()
    public android.app.PendingIntent getActionIntent()
    public android.app.RemoteAction toRemoteAction()
kotlin.jvm.internal.markers.KMutableMap$Entry
androidx.core.graphics.BitmapCompat
androidx.collection.CircularArray
androidx.core.provider.SelfDestructiveThread
io.flutter.embedding.engine.deferredcomponents.PlayStoreDeferredComponentManager
io.flutter.embedding.engine.plugins.service.ServicePluginBinding:
    public abstract android.app.Service getService()
    public abstract java.lang.Object getLifecycle()
    public abstract void addOnModeChangeListener(io.flutter.embedding.engine.plugins.service.ServiceAware$OnModeChangeListener)
    public abstract void removeOnModeChangeListener(io.flutter.embedding.engine.plugins.service.ServiceAware$OnModeChangeListener)
androidx.loader.R$color
androidx.fragment.R$string
kotlin.sequences.SequencesKt___SequencesKt$onEach$1
kotlin.collections.Grouping
androidx.annotation.UiThread
kotlin.text.MatcherMatchResult$groups$1$iterator$1
androidx.customview.view.AbsSavedState$2
kotlin.text.CharDirectionality
io.flutter.embedding.android.FlutterFragment$CachedEngineFragmentBuilder
androidx.savedstate.R
kotlin.collections.IntIterator
androidx.annotation.GuardedBy
kotlin.jvm.KotlinReflectionNotSupportedError
kotlin.ranges.ULongProgressionIterator
androidx.fragment.app.FragmentState$1
androidx.core.R$integer
io.flutter.plugins.urllauncher.R$integer
kotlin.jvm.JvmSuppressWildcards
kotlin.collections.ArraysKt___ArraysKt$asIterable$$inlined$Iterable$6
kotlin.comparisons.ReverseOrderComparator
kotlin.coroutines.experimental.ContinuationInterceptor$Key
kotlin.jvm.internal.markers.KMutableSet
kotlin.jvm.internal.IntSpreadBuilder
kotlin.sequences.SequencesKt___SequencesKt
androidx.core.content.res.FontResourcesParserCompat$FamilyResourceEntry
kotlin.sequences.SequencesKt___SequencesKt$groupingBy$1
io.flutter.app.FlutterPlayStoreSplitApplication
io.flutter.embedding.engine.plugins.service.ServiceControlSurface
androidx.core.widget.ListViewAutoScrollHelper
kotlin.text.MatchNamedGroupCollection
androidx.viewpager.widget.ViewPager$OnAdapterChangeListener
androidx.arch.core.executor.ArchTaskExecutor$2
io.flutter.embedding.engine.loader.FlutterLoader$Settings:
    public void setLogTag(java.lang.String)
kotlin.collections.ArraysKt___ArraysKt$withIndex$3
androidx.core.util.Pools$SynchronizedPool
androidx.arch.core.executor.ArchTaskExecutor
androidx.activity.ComponentActivity$NonConfigurationInstances
kotlin.jvm.functions.Function15
androidx.annotation.InspectableProperty
kotlin.io.OnErrorAction
androidx.core.app.ShareCompat
androidx.core.content.SharedPreferencesCompat$EditorCompat